<?xml version="1.0" encoding="UTF-8"?>
<!-- Generated by org.testng.reporters.JUnitReportReporter -->
<testsuite skipped="0" hostname="EC2AMAZ-S6A7FMN" name="com.test.sample.practice_automation.tests.AutomationScripts" tests="5" failures="0" timestamp="07 May 2022 05:53:55 GMT" time="33.628" errors="0">
  <testcase name="validateBasicAuthByProvidingCorrectUNandPWD" time="5.779" classname="com.test.sample.practice_automation.tests.AutomationScripts"/>
  <testcase name="validateFileUpload" time="7.774" classname="com.test.sample.practice_automation.tests.AutomationScripts"/>
  <testcase name="validateFormAuthenticationForValidUNandPWD" time="7.011" classname="com.test.sample.practice_automation.tests.AutomationScripts"/>
  <testcase name="validateFormAuthenticationForInvalidUNandPWD" time="7.051" classname="com.test.sample.practice_automation.tests.AutomationScripts"/>
  <testcase name="validateCheckboxStatus" time="6.013" classname="com.test.sample.practice_automation.tests.AutomationScripts"/>
</testsuite> <!-- com.test.sample.practice_automation.tests.AutomationScripts -->
